0 info it worked if it ends with ok
1 verbose cli [ '/Users/mcrowe/.nvm/versions/node/v5.0.0/bin/node',
1 verbose cli   '/Users/mcrowe/.nvm/versions/node/v5.0.0/bin/npm',
1 verbose cli   'run',
1 verbose cli   'test' ]
2 info using npm@3.3.7
3 info using node@v5.0.0
4 verbose run-script [ 'pretest', 'test', 'posttest' ]
5 info lifecycle roast@1.0.0~pretest: roast@1.0.0
6 silly lifecycle roast@1.0.0~pretest: no script for pretest, continuing
7 info lifecycle roast@1.0.0~test: roast@1.0.0
8 verbose lifecycle roast@1.0.0~test: unsafe-perm in lifecycle true
9 verbose lifecycle roast@1.0.0~test: PATH: /Users/mcrowe/.nvm/versions/node/v5.0.0/lib/node_modules/npm/bin/node-gyp-bin:/Users/mcrowe/Documents/Projects/launchboard/roast/node_modules/.bin:/Users/mcrowe/.pyenv/shims:/Users/mcrowe/anaconda/bin:/Users/mcrowe/.nvm/versions/node/v5.0.0/bin:/Users/mcrowe/Documents/Projects/gocode/bin:/usr/local/heroku/bin:./bin:/usr/local/heroku/bin:/Users/mcrowe/.rbenv/shims:/usr/local/bin:/Users/mcrowe/bin:/usr/local/bin:/usr/bin:/bin:/usr/sbin:/sbin:/usr/local/go/bin:/Library/TeX/texbin:/Users/mcrowe/bin:/Users/mcrowe/Projects/go/bin:/usr/local/ec2/ec2-api-tools-1.7.5.0/bin
10 verbose lifecycle roast@1.0.0~test: CWD: /Users/mcrowe/Documents/Projects/launchboard/roast
11 silly lifecycle roast@1.0.0~test: Args: [ '-c', 'mocha' ]
12 silly lifecycle roast@1.0.0~test: Returned: code: 1  signal: null
13 info lifecycle roast@1.0.0~test: Failed to exec test script
14 verbose stack Error: roast@1.0.0 test: `mocha`
14 verbose stack Exit status 1
14 verbose stack     at EventEmitter.<anonymous> (/Users/mcrowe/.nvm/versions/node/v5.0.0/lib/node_modules/npm/lib/utils/lifecycle.js:222:16)
14 verbose stack     at emitTwo (events.js:87:13)
14 verbose stack     at EventEmitter.emit (events.js:172:7)
14 verbose stack     at ChildProcess.<anonymous> (/Users/mcrowe/.nvm/versions/node/v5.0.0/lib/node_modules/npm/lib/utils/spawn.js:24:14)
14 verbose stack     at emitTwo (events.js:87:13)
14 verbose stack     at ChildProcess.emit (events.js:172:7)
14 verbose stack     at maybeClose (internal/child_process.js:818:16)
14 verbose stack     at Process.ChildProcess._handle.onexit (internal/child_process.js:211:5)
15 verbose pkgid roast@1.0.0
16 verbose cwd /Users/mcrowe/Documents/Projects/launchboard/roast
17 error Darwin 15.0.0
18 error argv "/Users/mcrowe/.nvm/versions/node/v5.0.0/bin/node" "/Users/mcrowe/.nvm/versions/node/v5.0.0/bin/npm" "run" "test"
19 error node v5.0.0
20 error npm  v3.3.7
21 error code ELIFECYCLE
22 error roast@1.0.0 test: `mocha`
22 error Exit status 1
23 error Failed at the roast@1.0.0 test script 'mocha'.
23 error This is most likely a problem with the roast package,
23 error not with npm itself.
23 error Tell the author that this fails on your system:
23 error     mocha
23 error You can get their info via:
23 error     npm owner ls roast
23 error There is likely additional logging output above.
24 verbose exit [ 1, true ]
